2024-05-26 18:00:29.256 [info] Started initializing default profile extensions in extensions installation folder. file:///home/apollo_ai/.vscode/extensions
2024-05-26 18:00:34.622 [error] [uncaught exception in sharedProcess]: Error: ENOENT: no such file or directory, stat '/home/apollo_ai/.vscode/extensions/extensions.json.vsctmp': EntryNotFound (FileSystemError): Error: ENOENT: no such file or directory, stat '/home/apollo_ai/.vscode/extensions/extensions.json.vsctmp'
    at a.create (/usr/share/code/resources/app/out/vs/code/node/sharedProcess/sharedProcessMain.js:53:30019)
    at b (/usr/share/code/resources/app/out/vs/code/node/sharedProcess/sharedProcessMain.js:53:30130)
    at t.hb (/usr/share/code/resources/app/out/vs/code/node/sharedProcess/sharedProcessMain.js:58:36600)
    at t.stat (/usr/share/code/resources/app/out/vs/code/node/sharedProcess/sharedProcessMain.js:58:29040)
    at async $.stat (/usr/share/code/resources/app/out/vs/code/node/sharedProcess/sharedProcessMain.js:58:16186)
    at async J.sb (/usr/share/code/resources/app/out/vs/code/node/sharedProcess/sharedProcessMain.js:104:109501)
2024-05-26 18:00:34.712 [info] Completed initializing default profile extensions in extensions installation folder. file:///home/apollo_ai/.vscode/extensions
2024-05-26 18:01:22.403 [info] Getting Manifest... ms-python.python
2024-05-26 18:01:22.553 [info] Installing extension: ms-python.python
2024-05-26 18:01:25.423 [info] Getting Manifest... ms-python.vscode-pylance
2024-05-26 18:01:25.622 [info] Getting Manifest... ms-python.debugpy
2024-05-26 18:01:26.684 [info] Installing extension: ms-python.vscode-pylance
2024-05-26 18:01:26.706 [info] Installing extension: ms-python.debugpy
2024-05-26 18:02:02.650 [info] Extension signature verification result for ms-python.debugpy: Success. Duration: 14578ms.
2024-05-26 18:02:15.058 [info] Extension signature verification result for ms-python.python: Success. Duration: 17472ms.
2024-05-26 18:02:19.717 [info] Extracted extension to file:///home/apollo_ai/.vscode/extensions/ms-python.debugpy-2024.6.0-linux-x64: ms-python.debugpy
2024-05-26 18:02:19.853 [info] Renamed to /home/apollo_ai/.vscode/extensions/ms-python.debugpy-2024.6.0-linux-x64
2024-05-26 18:02:19.920 [info] Extracting extension completed. ms-python.debugpy
2024-05-26 18:02:20.162 [error] [uncaught exception in sharedProcess]: Error: ENOENT: no such file or directory, stat '/home/apollo_ai/.vscode/extensions/extensions.json.vsctmp': EntryNotFound (FileSystemError): Error: ENOENT: no such file or directory, stat '/home/apollo_ai/.vscode/extensions/extensions.json.vsctmp'
    at a.create (/usr/share/code/resources/app/out/vs/code/node/sharedProcess/sharedProcessMain.js:53:30019)
    at b (/usr/share/code/resources/app/out/vs/code/node/sharedProcess/sharedProcessMain.js:53:30130)
    at t.hb (/usr/share/code/resources/app/out/vs/code/node/sharedProcess/sharedProcessMain.js:58:36600)
    at t.stat (/usr/share/code/resources/app/out/vs/code/node/sharedProcess/sharedProcessMain.js:58:29040)
    at async $.stat (/usr/share/code/resources/app/out/vs/code/node/sharedProcess/sharedProcessMain.js:58:16186)
    at async J.sb (/usr/share/code/resources/app/out/vs/code/node/sharedProcess/sharedProcessMain.js:104:109501)
2024-05-26 18:02:26.485 [info] Extension signature verification result for ms-python.vscode-pylance: Success. Duration: 24813ms.
2024-05-26 18:03:22.788 [info] Extracted extension to file:///home/apollo_ai/.vscode/extensions/ms-python.python-2024.6.0: ms-python.python
2024-05-26 18:03:22.931 [info] Renamed to /home/apollo_ai/.vscode/extensions/ms-python.python-2024.6.0
2024-05-26 18:03:22.989 [info] Extracting extension completed. ms-python.python
2024-05-26 18:04:35.727 [info] Extracted extension to file:///home/apollo_ai/.vscode/extensions/ms-python.vscode-pylance-2024.5.1: ms-python.vscode-pylance
2024-05-26 18:04:35.801 [info] Renamed to /home/apollo_ai/.vscode/extensions/ms-python.vscode-pylance-2024.5.1
2024-05-26 18:04:35.847 [info] Extracting extension completed. ms-python.vscode-pylance
2024-05-26 18:04:36.004 [info] Extension installed successfully: ms-python.debugpy
2024-05-26 18:04:36.008 [info] Extension installed successfully: ms-python.python
2024-05-26 18:04:36.013 [info] Extension installed successfully: ms-python.vscode-pylance
2024-05-26 18:04:36.055 [error] [uncaught exception in sharedProcess]: Error: ENOENT: no such file or directory, stat '/home/apollo_ai/.vscode/extensions/extensions.json.vsctmp': EntryNotFound (FileSystemError): Error: ENOENT: no such file or directory, stat '/home/apollo_ai/.vscode/extensions/extensions.json.vsctmp'
    at a.create (/usr/share/code/resources/app/out/vs/code/node/sharedProcess/sharedProcessMain.js:53:30019)
    at b (/usr/share/code/resources/app/out/vs/code/node/sharedProcess/sharedProcessMain.js:53:30130)
    at t.hb (/usr/share/code/resources/app/out/vs/code/node/sharedProcess/sharedProcessMain.js:58:36600)
    at t.stat (/usr/share/code/resources/app/out/vs/code/node/sharedProcess/sharedProcessMain.js:58:29040)
    at async $.stat (/usr/share/code/resources/app/out/vs/code/node/sharedProcess/sharedProcessMain.js:58:16186)
    at async J.sb (/usr/share/code/resources/app/out/vs/code/node/sharedProcess/sharedProcessMain.js:104:109501)
