2024-05-26 18:00:28.171 [info] Added views:workbench.panel.markers.view in workbench.panel.markers
2024-05-26 18:00:28.171 [info] Added views:workbench.panel.output in workbench.panel.output
2024-05-26 18:00:28.172 [info] Added views:terminal in terminal
2024-05-26 18:00:28.172 [info] Added views:outline in workbench.view.explorer
2024-05-26 18:00:28.172 [info] Added views:workbench.scm in workbench.view.scm
2024-05-26 18:00:28.172 [info] Added views:workbench.view.search in workbench.view.search
2024-05-26 18:00:28.172 [info] Added views:timeline in workbench.view.explorer
2024-05-26 18:00:28.172 [info] Added views:workbench.explorer.emptyView in workbench.view.explorer
2024-05-26 18:00:38.082 [info] Added views:workbench.debug.variablesView,workbench.debug.watchExpressionsView,workbench.debug.callStackView,workbench.debug.breakPointsView in workbench.view.debug
2024-05-26 18:00:39.515 [info] Added views:workbench.panel.repl.view in workbench.panel.repl
2024-05-26 18:00:39.586 [info] Removed views:workbench.debug.breakPointsView,workbench.debug.callStackView,workbench.debug.watchExpressionsView,workbench.debug.variablesView from workbench.view.debug
2024-05-26 18:00:39.592 [info] Added views:workbench.debug.welcome in workbench.view.debug
2024-05-26 18:00:41.689 [info] Added views:~remote.forwardedPorts in ~remote.forwardedPortsContainer
2024-05-26 18:00:48.649 [info] Added views:workbench.views.extensions.installed,workbench.views.extensions.popular,extensions.recommendedList in workbench.view.extensions
2024-05-26 18:04:42.593 [info] Added views:workbench.view.testing in workbench.view.extension.test
2024-05-26 18:06:41.901 [info] Removed views:workbench.view.testing from workbench.view.extension.test
2024-05-26 18:06:48.667 [info] Added views:workbench.panel.markers.view in workbench.panel.markers
2024-05-26 18:06:48.668 [info] Added views:workbench.panel.output in workbench.panel.output
2024-05-26 18:06:48.668 [info] Added views:terminal in terminal
2024-05-26 18:06:48.668 [info] Added views:outline in workbench.view.explorer
2024-05-26 18:06:48.668 [info] Added views:workbench.scm in workbench.view.scm
2024-05-26 18:06:48.669 [info] Added views:workbench.view.search in workbench.view.search
2024-05-26 18:06:48.669 [info] Added views:timeline in workbench.view.explorer
2024-05-26 18:06:48.669 [info] Added views:workbench.explorer.fileView in workbench.view.explorer
2024-05-26 18:06:53.574 [info] Added views:workbench.debug.variablesView,workbench.debug.watchExpressionsView,workbench.debug.callStackView,workbench.debug.breakPointsView in workbench.view.debug
2024-05-26 18:06:54.524 [info] Added views:workbench.panel.repl.view in workbench.panel.repl
2024-05-26 18:06:54.535 [info] Removed views:workbench.debug.breakPointsView,workbench.debug.callStackView,workbench.debug.watchExpressionsView,workbench.debug.variablesView from workbench.view.debug
2024-05-26 18:06:54.548 [info] Added views:workbench.debug.welcome in workbench.view.debug
2024-05-26 18:07:01.079 [info] Added views:~remote.forwardedPorts in ~remote.forwardedPortsContainer
2024-05-26 18:07:05.053 [info] Added views:workbench.view.testing in workbench.view.extension.test
2024-05-26 18:07:09.232 [info] Removed views:workbench.view.testing from workbench.view.extension.test
2024-05-26 18:07:15.211 [info] Added views:workbench.view.testing in workbench.view.extension.test
