2024-05-26 18:00:37.347 [info] Extension host with pid 8404 started
2024-05-26 18:00:39.621 [info] ExtensionService#_doActivateExtension vscode.git-base, startup: true, activationEvent: '*', root cause: vscode.git
2024-05-26 18:00:39.812 [info] ExtensionService#_doActivateExtension vscode.emmet, startup: false, activationEvent: 'onLanguage'
2024-05-26 18:00:40.508 [info] ExtensionService#_doActivateExtension vscode.git, startup: true, activationEvent: '*'
2024-05-26 18:00:41.567 [info] ExtensionService#_doActivateExtension vscode.github, startup: true, activationEvent: '*'
2024-05-26 18:00:43.740 [info] Eager extensions activated
2024-05-26 18:00:44.340 [info] ExtensionService#_doActivateExtension vscode.debug-auto-launch, startup: false, activationEvent: 'onStartupFinished'
2024-05-26 18:00:44.366 [info] ExtensionService#_doActivateExtension vscode.merge-conflict, startup: false, activationEvent: 'onStartupFinished'
2024-05-26 18:04:39.985 [info] ExtensionService#_doActivateExtension ms-python.python, startup: false, activationEvent: 'onWalkthrough:pythonWelcome'
2024-05-26 18:04:44.589 [info] ExtensionService#_doActivateExtension ms-python.vscode-pylance, startup: false, activationEvent: 'api', root cause: ms-python.python
2024-05-26 18:06:41.855 [info] Extension host terminating: renderer closed the MessagePort
2024-05-26 18:06:42.277 [info] Extension host with pid 8404 exiting with code 0
2024-05-26 18:06:53.043 [info] Extension host with pid 8707 started
2024-05-26 18:06:53.044 [info] Skipping acquiring lock for /home/apollo_ai/.config/Code/User/workspaceStorage/d6f8e69b2fd57ee52629fd60524a8e7b.
2024-05-26 18:06:54.565 [info] ExtensionService#_doActivateExtension vscode.git-base, startup: true, activationEvent: '*'
2024-05-26 18:06:55.067 [info] ExtensionService#_doActivateExtension vscode.github, startup: true, activationEvent: '*'
2024-05-26 18:06:55.781 [info] Eager extensions activated
2024-05-26 18:06:56.724 [info] ExtensionService#_doActivateExtension vscode.debug-auto-launch, startup: false, activationEvent: 'onStartupFinished'
2024-05-26 18:06:56.748 [info] ExtensionService#_doActivateExtension vscode.merge-conflict, startup: false, activationEvent: 'onStartupFinished'
2024-05-26 18:07:02.722 [info] ExtensionService#_doActivateExtension ms-python.python, startup: false, activationEvent: 'onWalkthrough:pythonWelcome'
2024-05-26 18:07:05.427 [info] ExtensionService#_doActivateExtension ms-python.vscode-pylance, startup: false, activationEvent: 'api', root cause: ms-python.python
2024-05-26 18:07:10.576 [info] ExtensionService#_doActivateExtension vscode.git, startup: false, activationEvent: 'api', root cause: vscode.github
2024-05-26 18:11:19.169 [info] ExtensionService#_doActivateExtension ms-python.debugpy, startup: false, activationEvent: 'onLanguage:python'
2024-05-26 18:11:19.889 [info] ExtensionService#_doActivateExtension vscode.emmet, startup: false, activationEvent: 'onLanguage'
2024-05-26 18:17:49.993 [info] ExtensionService#_doActivateExtension vscode.npm, startup: false, activationEvent: 'onTerminalQuickFixRequest:ms-vscode.npm-command'
